<?xml version="1.0" encoding="UTF-8"?>
<testsuite xmlns:xsi="http://www.w3.org/2001/XMLSchema-instance" xsi:noNamespaceSchemaLocation="https://maven.apache.org/surefire/maven-surefire-plugin/xsd/surefire-test-report.xsd" name="edu.brandeis.cosi103a.ip1.GameEngineTest" time="0.068" tests="10" errors="0" skipped="0" failures="0">
  <properties>
[...]
</properties>
  <testcase name="testChooseStartingPlayerReturnsValidIndex" classname="edu.brandeis.cosi103a.ip1.GameEngineTest" time="0.01"/>
  <testcase name="testGameTerminatesWithSupplyEndCondition" classname="edu.brandeis.cosi103a.ip1.GameEngineTest" time="0.001"/>
  <testcase name="testPlayGameReturnsResult" classname="edu.brandeis.cosi103a.ip1.GameEngineTest" time="0.002"/>
  <testcase name="testFinalScoresAreNonNegative" classname="edu.brandeis.cosi103a.ip1.GameEngineTest" time="0.002"/>
  <testcase name="testGameResultIdentifiesTies" classname="edu.brandeis.cosi103a.ip1.GameEngineTest" time="0"/>
  <testcase name="testPlayTurnExecutes" classname="edu.brandeis.cosi103a.ip1.GameEngineTest" time="0.001"/>
  <testcase name="testGameEngineInitialization" classname="edu.brandeis.cosi103a.ip1.GameEngineTest" time="0"/>
  <testcase name="testGameResultIdentifiesNonTies" classname="edu.brandeis.cosi103a.ip1.GameEngineTest" time="0"/>
  <testcase name="testPlayGameRespectsPurchaseStrategies" classname="edu.brandeis.cosi103a.ip1.GameEngineTest" time="0.002"/>
  <testcase name="testGameResultHasValidWinnerIndex" classname="edu.brandeis.cosi103a.ip1.GameEngineTest" time="0.002"/>
</testsuite>